<?xml version="1.0" encoding="UTF-8"?>
<testsuite name="copps.dockerpoc.DockerpocApplicationTests" tests="1" skipped="0" failures="0" errors="0" timestamp="2020-06-05T22:09:36" hostname="DESKTOP-NU8QSUJ" time="0.131">
  <properties/>
  <testcase name="contextLoads()" classname="copps.dockerpoc.DockerpocApplicationTests" time="0.131"/>
  <system-out><![CDATA[19:09:35.162 [Test worker] DEBUG org.springframework.test.context.BootstrapUtils - Instantiating CacheAwareContextLoaderDelegate from class [org.springframework.test.context.cache.DefaultCacheAwareContextLoaderDelegate]
19:09:35.172 [Test worker] DEBUG org.springframework.test.context.BootstrapUtils - Instantiating BootstrapContext using constructor [public org.springframework.test.context.support.DefaultBootstrapContext(java.lang.Class,org.springframework.test.context.CacheAwareContextLoaderDelegate)]
19:09:35.194 [Test worker] DEBUG org.springframework.test.context.BootstrapUtils - Instantiating TestContextBootstrapper for test class [copps.dockerpoc.DockerpocApplicationTests] from class [org.springframework.boot.test.context.SpringBootTestContextBootstrapper]
19:09:35.207 [Test worker] INFO org.springframework.boot.test.context.SpringBootTestContextBootstrapper - Neither @ContextConfiguration nor @ContextHierarchy found for test class [copps.dockerpoc.DockerpocApplicationTests], using SpringBootContextLoader
19:09:35.210 [Test worker] DEBUG org.springframework.test.context.support.AbstractContextLoader - Did not detect default resource location for test class [copps.dockerpoc.DockerpocApplicationTests]: class path resource [copps/dockerpoc/DockerpocApplicationTests-context.xml] does not exist
19:09:35.211 [Test worker] DEBUG org.springframework.test.context.support.AbstractContextLoader - Did not detect default resource location for test class [copps.dockerpoc.DockerpocApplicationTests]: class path resource [copps/dockerpoc/DockerpocApplicationTestsContext.groovy] does not exist
19:09:35.211 [Test worker] INFO org.springframework.test.context.support.AbstractContextLoader - Could not detect default resource locations for test class [copps.dockerpoc.DockerpocApplicationTests]: no resource found for suffixes {-context.xml, Context.groovy}.
19:09:35.212 [Test worker] INFO org.springframework.test.context.support.AnnotationConfigContextLoaderUtils - Could not detect default configuration classes for test class [copps.dockerpoc.DockerpocApplicationTests]: DockerpocApplicationTests does not declare any static, non-private, non-final, nested classes annotated with @Configuration.
19:09:35.241 [Test worker] DEBUG org.springframework.test.context.support.ActiveProfilesUtils - Could not find an 'annotation declaring class' for annotation type [org.springframework.test.context.ActiveProfiles] and class [copps.dockerpoc.DockerpocApplicationTests]
19:09:35.289 [Test worker] DEBUG org.springframework.context.annotation.ClassPathScanningCandidateComponentProvider - Identified candidate component class: file [G:\workspace\dockerpoc\build\classes\kotlin\main\copps\dockerpoc\DockerpocApplication.class]
19:09:35.291 [Test worker] INFO org.springframework.boot.test.context.SpringBootTestContextBootstrapper - Found @SpringBootConfiguration copps.dockerpoc.DockerpocApplication for test class copps.dockerpoc.DockerpocApplicationTests
19:09:35.372 [Test worker] DEBUG org.springframework.boot.test.context.SpringBootTestContextBootstrapper - @TestExecutionListeners is not present for class [copps.dockerpoc.DockerpocApplicationTests]: using defaults.
19:09:35.372 [Test worker] INFO org.springframework.boot.test.context.SpringBootTestContextBootstrapper - Loaded default TestExecutionListener class names from location [META-INF/spring.factories]: [org.springframework.boot.test.autoconfigure.restdocs.RestDocsTestExecutionListener, org.springframework.boot.test.autoconfigure.web.client.MockRestServiceServerResetTestExecutionListener, org.springframework.boot.test.autoconfigure.web.servlet.MockMvcPrintOnlyOnFailureTestExecutionListener, org.springframework.boot.test.autoconfigure.web.servlet.WebDriverTestExecutionListener, org.springframework.boot.test.autoconfigure.webservices.client.MockWebServiceServerTestExecutionListener, org.springframework.boot.test.mock.mockito.MockitoTestExecutionListener, org.springframework.boot.test.mock.mockito.ResetMocksTestExecutionListener, org.springframework.test.context.web.ServletTestExecutionListener, org.springframework.test.context.support.DirtiesContextBeforeModesTestExecutionListener, org.springframework.test.context.support.DependencyInjectionTestExecutionListener, org.springframework.test.context.support.DirtiesContextTestExecutionListener, org.springframework.test.context.transaction.TransactionalTestExecutionListener, org.springframework.test.context.jdbc.SqlScriptsTestExecutionListener, org.springframework.test.context.event.EventPublishingTestExecutionListener]
19:09:35.381 [Test worker] DEBUG org.springframework.boot.test.context.SpringBootTestContextBootstrapper - Skipping candidate TestExecutionListener [org.springframework.test.context.transaction.TransactionalTestExecutionListener] due to a missing dependency. Specify custom listener classes or make the default listener classes and their required dependencies available. Offending class: [org/springframework/transaction/interceptor/TransactionAttributeSource]
19:09:35.381 [Test worker] DEBUG org.springframework.boot.test.context.SpringBootTestContextBootstrapper - Skipping candidate TestExecutionListener [org.springframework.test.context.jdbc.SqlScriptsTestExecutionListener] due to a missing dependency. Specify custom listener classes or make the default listener classes and their required dependencies available. Offending class: [org/springframework/transaction/interceptor/TransactionAttribute]
19:09:35.381 [Test worker] INFO org.springframework.boot.test.context.SpringBootTestContextBootstrapper - Using TestExecutionListeners: [org.springframework.test.context.web.ServletTestExecutionListener@6b9e356c, org.springframework.test.context.support.DirtiesContextBeforeModesTestExecutionListener@3074af67, org.springframework.boot.test.mock.mockito.MockitoTestExecutionListener@28b995b1, org.springframework.boot.test.autoconfigure.SpringBootDependencyInjectionTestExecutionListener@4c8586a5, org.springframework.test.context.support.DirtiesContextTestExecutionListener@562aef0c, org.springframework.test.context.event.EventPublishingTestExecutionListener@43b06d39, org.springframework.boot.test.autoconfigure.restdocs.RestDocsTestExecutionListener@27c06ce3, org.springframework.boot.test.autoconfigure.web.client.MockRestServiceServerResetTestExecutionListener@47107610, org.springframework.boot.test.autoconfigure.web.servlet.MockMvcPrintOnlyOnFailureTestExecutionListener@46c3a371, org.springframework.boot.test.autoconfigure.web.servlet.WebDriverTestExecutionListener@6dac735, org.springframework.boot.test.autoconfigure.webservices.client.MockWebServiceServerTestExecutionListener@22591479, org.springframework.boot.test.mock.mockito.ResetMocksTestExecutionListener@663d46d4]
19:09:35.384 [Test worker] DEBUG org.springframework.test.context.support.AbstractDirtiesContextTestExecutionListener - Before test class: context [DefaultTestContext@4f237e12 testClass = DockerpocApplicationTests, testInstance = [null], testMethod = [null], testException = [null], mergedContextConfiguration = [WebMergedContextConfiguration@368c54f9 testClass = DockerpocApplicationTests, locations = '{}', classes = '{class copps.dockerpoc.DockerpocApplication}', contextInitializerClasses = '[]', activeProfiles = '{}', propertySourceLocations = '{}', propertySourceProperties = '{org.springframework.boot.test.context.SpringBootTestContextBootstrapper=true}', contextCustomizers = set[org.springframework.boot.test.autoconfigure.properties.PropertyMappingContextCustomizer@0, org.springframework.boot.test.autoconfigure.web.servlet.WebDriverContextCustomizerFactory$Customizer@7df28f01, org.springframework.boot.test.context.filter.ExcludeFilterContextCustomizer@6d9a95b3, org.springframework.boot.test.json.DuplicateJsonObjectContextCustomizerFactory$DuplicateJsonObjectContextCustomizer@11273044, org.springframework.boot.test.mock.mockito.MockitoContextCustomizer@0, org.springframework.boot.test.web.client.TestRestTemplateContextCustomizer@5c2d611, org.springframework.boot.test.context.SpringBootTestArgs@1], resourceBasePath = 'src/main/webapp', contextLoader = 'org.springframework.boot.test.context.SpringBootContextLoader', parent = [null]], attributes = map['org.springframework.test.context.web.ServletTestExecutionListener.activateListener' -> true]], class annotated with @DirtiesContext [false] with mode [null].
19:09:35.404 [Test worker] DEBUG org.springframework.test.context.support.TestPropertySourceUtils - Adding inlined properties to environment: {spring.jmx.enabled=false, org.springframework.boot.test.context.SpringBootTestContextBootstrapper=true}

  .   ____          _            __ _ _
 /\\ / ___'_ __ _ _(_)_ __  __ _ \ \ \ \
( ( )\___ | '_ | '_| | '_ \/ _` | \ \ \ \
 \\/  ___)| |_)| | | | | || (_| |  ) ) ) )
  '  |____| .__|_| |_|_| |_\__, | / / / /
 =========|_|==============|___/=/_/_/_/
 :: Spring Boot ::        (v2.3.0.RELEASE)

2020-06-05 19:09:35.596  INFO 5324 --- [    Test worker] c.dockerpoc.DockerpocApplicationTests    : Starting DockerpocApplicationTests on DESKTOP-NU8QSUJ with PID 5324 (started by Hozer in G:\workspace\dockerpoc)
2020-06-05 19:09:35.597  INFO 5324 --- [    Test worker] c.dockerpoc.DockerpocApplicationTests    : No active profile set, falling back to default profiles: default
2020-06-05 19:09:36.384  INFO 5324 --- [    Test worker] o.s.s.concurrent.ThreadPoolTaskExecutor  : Initializing ExecutorService 'applicationTaskExecutor'
2020-06-05 19:09:36.637  INFO 5324 --- [    Test worker] c.dockerpoc.DockerpocApplicationTests    : Started DockerpocApplicationTests in 1.227 seconds (JVM running for 2.116)
]]></system-out>
  <system-err><![CDATA[]]></system-err>
</testsuite>
